<?xml version="1.0" encoding="UTF-8"?>
<!-- Generated by org.testng.reporters.JUnitReportReporter -->
<testsuite hostname="Whitepearl" failures="0" tests="1" name="testCases.TC_002_Login" time="2.658" errors="0" timestamp="2022-04-01T10:12:27 EDT" skipped="0">
  <testcase classname="testCases.TC_002_Login" name="test_Login" time="2.658"/>
  <system-out/>
</testsuite> <!-- testCases.TC_002_Login -->
