<?xml version="1.0" encoding="UTF-8"?>
<!-- Generated by org.testng.reporters.JUnitReportReporter -->
<testsuite hostname="Whitepearl" failures="0" tests="1" name="testCases.TC_002_Login" time="2.517" errors="0" timestamp="2022-04-01T16:42:07 EDT" skipped="0">
  <testcase classname="testCases.TC_002_Login" name="test_Login" time="2.517"/>
  <system-out/>
</testsuite> <!-- testCases.TC_002_Login -->
